<?xml version="1.0" encoding="UTF-8"?>
<!-- Generated by org.testng.reporters.JUnitReportReporter -->
<testsuite hostname="narayankrishna" failures="0" tests="1" name="in.redbus.tests.BusHirePageTest" time="28.658" errors="0" timestamp="11 Feb 2021 12:23:26 GMT" skipped="0">
  <testcase classname="in.redbus.tests.BusHirePageTest" name="whenUserEntersValidInformationForOutstation" time="28.658"/>
</testsuite> <!-- in.redbus.tests.BusHirePageTest -->
