<?xml version="1.0" encoding="UTF-8"?>
<!-- Generated by org.testng.reporters.JUnitReportReporter -->
<testsuite hostname="narayankrishna" failures="0" tests="1" name="in.redbus.tests.TripSummaryPageTest" time="41.506" errors="0" timestamp="11 Feb 2021 12:31:41 GMT" skipped="0">
  <testcase classname="in.redbus.tests.TripSummaryPageTest" name="whenUserEntersInvalidMobileNumber" time="41.506"/>
</testsuite> <!-- in.redbus.tests.TripSummaryPageTest -->
